{
  "stats": {
    "suites": 9,
    "tests": 9,
    "passes": 9,
    "pending": 0,
    "failures": 0,
    "start": "2023-04-12T19:11:06.929Z",
    "end": "2023-04-12T19:11:10.126Z",
    "duration": 3197,
    "testsRegistered": 9,
    "passPercent": 100,
    "pendingPercent": 0,
    "other": 0,
    "hasOther": false,
    "skipped": 0,
    "hasSkipped": false
  },
  "results": [
    {
      "uuid": "6523296c-bb5b-4cee-abf8-0a6e0b98e4b5",
      "title": "",
      "fullFile": "",
      "file": "",
      "beforeHooks": [
        {
          "title": "\"before all\" hook in \"{root}\"",
          "fullTitle": "\"before all\" hook in \"{root}\"",
          "timedOut": false,
          "duration": 172,
          "state": null,
          "speed": null,
          "pass": false,
          "fail": false,
          "pending": false,
          "context": null,
          "code": "request\n  .post(\"/api/girisyap\")\n  .send({\n    eposta: \"b\",\n    sifre: \"b\",\n  })\n  .expect(200)\n  .end(onResponse);\nfunction onResponse(err, res) {\n  kullanici.token = res.body.token;\n  return done();\n}",
          "err": {},
          "uuid": "c429cfa2-5da9-42b6-85e9-ef8234c05ccc",
          "parentUUID": "6523296c-bb5b-4cee-abf8-0a6e0b98e4b5",
          "isHook": true,
          "skipped": false
        }
      ],
      "afterHooks": [
        {
          "title": "\"after all\" hook in \"{root}\"",
          "fullTitle": "\"after all\" hook in \"{root}\"",
          "timedOut": false,
          "duration": 0,
          "state": null,
          "speed": null,
          "pass": false,
          "fail": false,
          "pending": false,
          "context": null,
          "code": "done();",
          "err": {},
          "uuid": "f2327105-f82e-4acc-adae-ea12d7c4cbb9",
          "parentUUID": "6523296c-bb5b-4cee-abf8-0a6e0b98e4b5",
          "isHook": true,
          "skipped": false
        }
      ],
      "tests": [],
      "suites": [
        {
          "uuid": "7b7a5341-b9d4-46e2-9c8a-eefb9dd208ac",
          "title": "POST /api/mekanlar",
          "fullFile": "/Users/sinanyuksel/Desktop/mekanbul-fullstack/test.js",
          "file": "/test.js",
          "beforeHooks": [],
          "afterHooks": [],
          "tests": [
            {
              "title": "Yeni mekan ekle:",
              "fullTitle": "POST /api/mekanlar Yeni mekan ekle:",
              "timedOut": false,
              "duration": 178,
              "state": "passed",
              "speed": "slow",
              "pass": true,
              "fail": false,
              "pending": false,
              "context": null,
              "code": "const response = await request\n  .post(\"/api/mekanlar\")\n  .set(\"Authorization\", \"bearer \" + kullanici.token)\n  .send({\n    ad: \"Starbucks\",\n    adres: \"Centrum Garden\",\n    puan: 5,\n    imkanlar: \"çay,kahve,pasta\",\n    enlem: 37.83226584629666,\n    boylam: 30.524732239878013,\n    gunler1: \"Pazartesi-Cuma\",\n    acilis1: \"9:00\",\n    kapanis1: \"23:00\",\n    kapali1: false,\n    gunler2: \"Cumartesi-Pazar\",\n    acilis2: \"11:00\",\n    kapanis2: \"17:00\",\n    kapali2: false,\n  });\nexpect(response.status).to.eql(201);\nprocess.env.mekanid = response.body._id;",
              "err": {},
              "uuid": "faa32093-9d47-4616-8641-619dbd9e8819",
              "parentUUID": "7b7a5341-b9d4-46e2-9c8a-eefb9dd208ac",
              "isHook": false,
              "skipped": false
            }
          ],
          "suites": [],
          "passes": [
            "faa32093-9d47-4616-8641-619dbd9e8819"
          ],
          "failures": [],
          "pending": [],
          "skipped": [],
          "duration": 178,
          "root": false,
          "rootEmpty": false,
          "_timeout": 10000
        },
        {
          "uuid": "6c5ccebf-7bc6-46e0-9496-7867d0c3dbb5",
          "title": "GET /api/mekanlar",
          "fullFile": "/Users/sinanyuksel/Desktop/mekanbul-fullstack/test.js",
          "file": "/test.js",
          "beforeHooks": [],
          "afterHooks": [],
          "tests": [
            {
              "title": "Girilen konum civarındaki tüm mekanları listele:",
              "fullTitle": "GET /api/mekanlar Girilen konum civarındaki tüm mekanları listele:",
              "timedOut": false,
              "duration": 140,
              "state": "passed",
              "speed": "slow",
              "pass": true,
              "fail": false,
              "pending": false,
              "context": null,
              "code": "const response = await request.get(\"/api/mekanlar?enlem=37&boylam=35\");\nexpect(response.status).to.eql(200);",
              "err": {},
              "uuid": "2315056e-ea08-4b5a-920d-b8bbdd6b2d9c",
              "parentUUID": "6c5ccebf-7bc6-46e0-9496-7867d0c3dbb5",
              "isHook": false,
              "skipped": false
            }
          ],
          "suites": [],
          "passes": [
            "2315056e-ea08-4b5a-920d-b8bbdd6b2d9c"
          ],
          "failures": [],
          "pending": [],
          "skipped": [],
          "duration": 140,
          "root": false,
          "rootEmpty": false,
          "_timeout": 10000
        },
        {
          "uuid": "e62c896a-e18a-4a57-90de-2cb246d8f3b7",
          "title": "GET /api/mekanlar/:mekanid",
          "fullFile": "/Users/sinanyuksel/Desktop/mekanbul-fullstack/test.js",
          "file": "/test.js",
          "beforeHooks": [],
          "afterHooks": [],
          "tests": [
            {
              "title": "Mekan getir:",
              "fullTitle": "GET /api/mekanlar/:mekanid Mekan getir:",
              "timedOut": false,
              "duration": 140,
              "state": "passed",
              "speed": "slow",
              "pass": true,
              "fail": false,
              "pending": false,
              "context": null,
              "code": "const response = await request.get(`/api/mekanlar/${process.env.mekanid}`);\nexpect(response.status).to.eql(200);",
              "err": {},
              "uuid": "f296427a-f463-4f4c-a7fb-a936f908c989",
              "parentUUID": "e62c896a-e18a-4a57-90de-2cb246d8f3b7",
              "isHook": false,
              "skipped": false
            }
          ],
          "suites": [],
          "passes": [
            "f296427a-f463-4f4c-a7fb-a936f908c989"
          ],
          "failures": [],
          "pending": [],
          "skipped": [],
          "duration": 140,
          "root": false,
          "rootEmpty": false,
          "_timeout": 10000
        },
        {
          "uuid": "8be79fef-fede-4c76-b5f3-054309a0277c",
          "title": "PUT /api/mekanlar/:mekanid",
          "fullFile": "/Users/sinanyuksel/Desktop/mekanbul-fullstack/test.js",
          "file": "/test.js",
          "beforeHooks": [],
          "afterHooks": [],
          "tests": [
            {
              "title": "Mekan Güncelle:",
              "fullTitle": "PUT /api/mekanlar/:mekanid Mekan Güncelle:",
              "timedOut": false,
              "duration": 285,
              "state": "passed",
              "speed": "slow",
              "pass": true,
              "fail": false,
              "pending": false,
              "context": null,
              "code": "const response = await request\n  .put(`/api/mekanlar/${process.env.mekanid}`)\n  .set(\"Authorization\", \"bearer \" + kullanici.token)\n  .send({\n    ad: \"Starbucks SDÜ\",\n    adres: \"SDÜ Doğu Kampüsü\",\n    puan: 3,\n    imkanlar: \"çay,kahve,pasta,refresher\",\n    enlem: 37.8,\n    boylam: 30.5,\n    gunler1: \"Pazartesi-Cuma\",\n    acilis1: \"9:10\",\n    kapanis1: \"23:10\",\n    kapali1: true,\n    gunler2: \"Cumartesi-Pazar\",\n    acilis2: \"11:10\",\n    kapanis2: \"17:10\",\n    kapali2: true,\n  });\nexpect(response.status).to.eql(200);",
              "err": {},
              "uuid": "27d6caa3-5798-4a1e-9b06-6992f4be0caf",
              "parentUUID": "8be79fef-fede-4c76-b5f3-054309a0277c",
              "isHook": false,
              "skipped": false
            }
          ],
          "suites": [],
          "passes": [
            "27d6caa3-5798-4a1e-9b06-6992f4be0caf"
          ],
          "failures": [],
          "pending": [],
          "skipped": [],
          "duration": 285,
          "root": false,
          "rootEmpty": false,
          "_timeout": 10000
        },
        {
          "uuid": "a5af9838-ce41-4282-9871-e38832526623",
          "title": "POST /api/mekanlar/:mekanid/yorumlar",
          "fullFile": "/Users/sinanyuksel/Desktop/mekanbul-fullstack/test.js",
          "file": "/test.js",
          "beforeHooks": [],
          "afterHooks": [],
          "tests": [
            {
              "title": "Yorum ekle:",
              "fullTitle": "POST /api/mekanlar/:mekanid/yorumlar Yorum ekle:",
              "timedOut": false,
              "duration": 411,
              "state": "passed",
              "speed": "slow",
              "pass": true,
              "fail": false,
              "pending": false,
              "context": null,
              "code": "const response = await request\n  .post(`/api/mekanlar/${process.env.mekanid}/yorumlar`)\n  .set(\"Authorization\", \"bearer \" + kullanici.token)\n  .send({\n    yorumYapan: \"ASY\",\n    puan: 5,\n    yorumMetni: \"Kahveler harika\",\n  });\nprocess.env.yorumid = response.body._id;\nexpect(response.status).to.eql(201);",
              "err": {},
              "uuid": "d48c3e11-9696-4926-9cda-a53b3617320e",
              "parentUUID": "a5af9838-ce41-4282-9871-e38832526623",
              "isHook": false,
              "skipped": false
            }
          ],
          "suites": [],
          "passes": [
            "d48c3e11-9696-4926-9cda-a53b3617320e"
          ],
          "failures": [],
          "pending": [],
          "skipped": [],
          "duration": 411,
          "root": false,
          "rootEmpty": false,
          "_timeout": 10000
        },
        {
          "uuid": "24288aa3-b231-481a-8867-c5bdf8b4db45",
          "title": "GET /api/mekanlar/:mekanid/yorumlar/:yorumid",
          "fullFile": "/Users/sinanyuksel/Desktop/mekanbul-fullstack/test.js",
          "file": "/test.js",
          "beforeHooks": [],
          "afterHooks": [],
          "tests": [
            {
              "title": "Yorum getir:",
              "fullTitle": "GET /api/mekanlar/:mekanid/yorumlar/:yorumid Yorum getir:",
              "timedOut": false,
              "duration": 154,
              "state": "passed",
              "speed": "slow",
              "pass": true,
              "fail": false,
              "pending": false,
              "context": null,
              "code": "const response = await request.get(\n  `/api/mekanlar/${process.env.mekanid}/yorumlar/${process.env.yorumid}`\n);\nexpect(response.status).to.eql(200);",
              "err": {},
              "uuid": "c8ea5da1-b910-49fa-963e-e6533b25080f",
              "parentUUID": "24288aa3-b231-481a-8867-c5bdf8b4db45",
              "isHook": false,
              "skipped": false
            }
          ],
          "suites": [],
          "passes": [
            "c8ea5da1-b910-49fa-963e-e6533b25080f"
          ],
          "failures": [],
          "pending": [],
          "skipped": [],
          "duration": 154,
          "root": false,
          "rootEmpty": false,
          "_timeout": 10000
        },
        {
          "uuid": "48c47263-eb05-4ae3-80d1-ed4c36b36ad8",
          "title": "PUT /api/mekanlar/:mekanid/yorumlar/:yorumid",
          "fullFile": "/Users/sinanyuksel/Desktop/mekanbul-fullstack/test.js",
          "file": "/test.js",
          "beforeHooks": [],
          "afterHooks": [],
          "tests": [
            {
              "title": "Yorum güncelle:",
              "fullTitle": "PUT /api/mekanlar/:mekanid/yorumlar/:yorumid Yorum güncelle:",
              "timedOut": false,
              "duration": 463,
              "state": "passed",
              "speed": "slow",
              "pass": true,
              "fail": false,
              "pending": false,
              "context": null,
              "code": "const response = await request\n  .put(\n    `/api/mekanlar/${process.env.mekanid}/yorumlar/${process.env.yorumid}`\n  )\n  .set(\"Authorization\", \"bearer \" + kullanici.token)\n  .send({\n    yorumYapan: \"Sinan\",\n    puan: 4,\n    yorumMetni: \"Kahveler harikaaaa\",\n  });\nexpect(response.status).to.eql(200);",
              "err": {},
              "uuid": "890ba17b-700c-4b1d-ba5c-538a39191e8f",
              "parentUUID": "48c47263-eb05-4ae3-80d1-ed4c36b36ad8",
              "isHook": false,
              "skipped": false
            }
          ],
          "suites": [],
          "passes": [
            "890ba17b-700c-4b1d-ba5c-538a39191e8f"
          ],
          "failures": [],
          "pending": [],
          "skipped": [],
          "duration": 463,
          "root": false,
          "rootEmpty": false,
          "_timeout": 10000
        },
        {
          "uuid": "dc6abd54-d028-4f9d-ba2d-444d0a376500",
          "title": "DELETE /api/mekanlar/:mekanid/yorumlar/:yorumid",
          "fullFile": "/Users/sinanyuksel/Desktop/mekanbul-fullstack/test.js",
          "file": "/test.js",
          "beforeHooks": [],
          "afterHooks": [],
          "tests": [
            {
              "title": "Yorum sil:",
              "fullTitle": "DELETE /api/mekanlar/:mekanid/yorumlar/:yorumid Yorum sil:",
              "timedOut": false,
              "duration": 278,
              "state": "passed",
              "speed": "slow",
              "pass": true,
              "fail": false,
              "pending": false,
              "context": null,
              "code": "const response = await request\n  .set(\"Authorization\", \"bearer \" + kullanici.token)\n  .delete(\n    `/api/mekanlar/${process.env.mekanid}/yorumlar/${process.env.yorumid}`\n  );\nexpect(response.status).to.eql(200);",
              "err": {},
              "uuid": "4e2a9119-2154-4bb9-88cc-3c8775872b78",
              "parentUUID": "dc6abd54-d028-4f9d-ba2d-444d0a376500",
              "isHook": false,
              "skipped": false
            }
          ],
          "suites": [],
          "passes": [
            "4e2a9119-2154-4bb9-88cc-3c8775872b78"
          ],
          "failures": [],
          "pending": [],
          "skipped": [],
          "duration": 278,
          "root": false,
          "rootEmpty": false,
          "_timeout": 10000
        },
        {
          "uuid": "300447ff-a43f-4f01-9e00-e8b8a30f068e",
          "title": "DELETE /api/mekanlar/:mekanid",
          "fullFile": "/Users/sinanyuksel/Desktop/mekanbul-fullstack/test.js",
          "file": "/test.js",
          "beforeHooks": [],
          "afterHooks": [],
          "tests": [
            {
              "title": "Mekan sil:",
              "fullTitle": "DELETE /api/mekanlar/:mekanid Mekan sil:",
              "timedOut": false,
              "duration": 953,
              "state": "passed",
              "speed": "slow",
              "pass": true,
              "fail": false,
              "pending": false,
              "context": null,
              "code": "const response = await request\n  .set(\"Authorization\", \"bearer \" + kullanici.token)\n  .delete(`/api/mekanlar/${process.env.mekanid}`);\nexpect(response.status).to.eql(200);",
              "err": {},
              "uuid": "74afd720-e119-4e7b-b753-8eba0db0b69d",
              "parentUUID": "300447ff-a43f-4f01-9e00-e8b8a30f068e",
              "isHook": false,
              "skipped": false
            }
          ],
          "suites": [],
          "passes": [
            "74afd720-e119-4e7b-b753-8eba0db0b69d"
          ],
          "failures": [],
          "pending": [],
          "skipped": [],
          "duration": 953,
          "root": false,
          "rootEmpty": false,
          "_timeout": 10000
        }
      ],
      "passes": [],
      "failures": [],
      "pending": [],
      "skipped": [],
      "duration": 0,
      "root": true,
      "rootEmpty": true,
      "_timeout": 10000
    }
  ],
  "meta": {
    "mocha": {
      "version": "10.2.0"
    },
    "mochawesome": {
      "options": {
        "quiet": false,
        "reportFilename": "mochawesome",
        "saveHtml": true,
        "saveJson": true,
        "consoleReporter": "spec",
        "useInlineDiffs": false,
        "code": true
      },
      "version": "7.1.3"
    },
    "marge": {
      "options": null,
      "version": "6.2.0"
    }
  }
}