{
  "stats": {
    "suites": 9,
    "tests": 9,
    "passes": 9,
    "pending": 0,
    "failures": 0,
    "start": "2024-04-16T16:41:50.525Z",
    "end": "2024-04-16T16:41:55.612Z",
    "duration": 5087,
    "testsRegistered": 9,
    "passPercent": 100,
    "pendingPercent": 0,
    "other": 0,
    "hasOther": false,
    "skipped": 0,
    "hasSkipped": false
  },
  "results": [
    {
      "uuid": "4f025f14-c317-4bdd-827f-d24c05803129",
      "title": "",
      "fullFile": "",
      "file": "",
      "beforeHooks": [
        {
          "title": "\"before all\" hook in \"{root}\"",
          "fullTitle": "\"before all\" hook in \"{root}\"",
          "timedOut": false,
          "duration": 2585,
          "state": null,
          "speed": null,
          "pass": false,
          "fail": false,
          "pending": false,
          "context": null,
          "code": "request\n  .post(\"/api/girisyap\")\n  .send({\n    eposta: \"a\",\n    sifre: \"a\",\n  })\n  .expect(200)\n  .end(onResponse);\nfunction onResponse(err, res) {\n  kullanici.token = res.body.token;\n  return done();\n}",
          "err": {},
          "uuid": "8207c002-ffb5-4a81-b211-3380bcaacf0d",
          "parentUUID": "4f025f14-c317-4bdd-827f-d24c05803129",
          "isHook": true,
          "skipped": false
        }
      ],
      "afterHooks": [
        {
          "title": "\"after all\" hook in \"{root}\"",
          "fullTitle": "\"after all\" hook in \"{root}\"",
          "timedOut": false,
          "duration": 0,
          "state": null,
          "speed": null,
          "pass": false,
          "fail": false,
          "pending": false,
          "context": null,
          "code": "done();",
          "err": {},
          "uuid": "e2ab304b-d93f-47dc-b830-888db8031e2e",
          "parentUUID": "4f025f14-c317-4bdd-827f-d24c05803129",
          "isHook": true,
          "skipped": false
        }
      ],
      "tests": [],
      "suites": [
        {
          "uuid": "a46b7545-5725-411e-93f2-8d55ef1fa4db",
          "title": "POST /api/mekanlar",
          "fullFile": "/Users/sinanyuksel/Desktop/mekanbul-fullstack/test.js",
          "file": "/test.js",
          "beforeHooks": [],
          "afterHooks": [],
          "tests": [
            {
              "title": "Yeni mekan ekle:",
              "fullTitle": "POST /api/mekanlar Yeni mekan ekle:",
              "timedOut": false,
              "duration": 210,
              "state": "passed",
              "speed": "slow",
              "pass": true,
              "fail": false,
              "pending": false,
              "context": null,
              "code": "const response = await request\n  .post(\"/api/mekanlar\")\n  .set(\"Authorization\", \"bearer \" + kullanici.token)\n  .send({\n    ad: \"Starbucks\",\n    adres: \"Centrum Garden\",\n    puan: 5,\n    imkanlar: \"çay,kahve,pasta\",\n    enlem: 37.83226584629666,\n    boylam: 30.524732239878013,\n    gunler1: \"Pazartesi-Cuma\",\n    acilis1: \"9:00\",\n    kapanis1: \"23:00\",\n    kapali1: false,\n    gunler2: \"Cumartesi-Pazar\",\n    acilis2: \"11:00\",\n    kapanis2: \"17:00\",\n    kapali2: false,\n  });\nexpect(response.status).to.eql(201);\nprocess.env.mekanid = response.body._id;",
              "err": {},
              "uuid": "ab7c46f3-8c85-4d44-8576-b8a3be6fedbf",
              "parentUUID": "a46b7545-5725-411e-93f2-8d55ef1fa4db",
              "isHook": false,
              "skipped": false
            }
          ],
          "suites": [],
          "passes": [
            "ab7c46f3-8c85-4d44-8576-b8a3be6fedbf"
          ],
          "failures": [],
          "pending": [],
          "skipped": [],
          "duration": 210,
          "root": false,
          "rootEmpty": false,
          "_timeout": 10000
        },
        {
          "uuid": "e476692c-da4f-4fb9-8909-5a68d64d28df",
          "title": "GET /api/mekanlar",
          "fullFile": "/Users/sinanyuksel/Desktop/mekanbul-fullstack/test.js",
          "file": "/test.js",
          "beforeHooks": [],
          "afterHooks": [],
          "tests": [
            {
              "title": "Girilen konum civarındaki tüm mekanları listele:",
              "fullTitle": "GET /api/mekanlar Girilen konum civarındaki tüm mekanları listele:",
              "timedOut": false,
              "duration": 159,
              "state": "passed",
              "speed": "slow",
              "pass": true,
              "fail": false,
              "pending": false,
              "context": null,
              "code": "const response = await request.get(\"/api/mekanlar?enlem=37&boylam=35\");\nexpect(response.status).to.eql(200);",
              "err": {},
              "uuid": "647df927-6d12-45cf-b310-f5d24064d7ef",
              "parentUUID": "e476692c-da4f-4fb9-8909-5a68d64d28df",
              "isHook": false,
              "skipped": false
            }
          ],
          "suites": [],
          "passes": [
            "647df927-6d12-45cf-b310-f5d24064d7ef"
          ],
          "failures": [],
          "pending": [],
          "skipped": [],
          "duration": 159,
          "root": false,
          "rootEmpty": false,
          "_timeout": 10000
        },
        {
          "uuid": "2f2972d6-aebb-4410-be3d-d9f75fcde60b",
          "title": "GET /api/mekanlar/:mekanid",
          "fullFile": "/Users/sinanyuksel/Desktop/mekanbul-fullstack/test.js",
          "file": "/test.js",
          "beforeHooks": [],
          "afterHooks": [],
          "tests": [
            {
              "title": "Mekan getir:",
              "fullTitle": "GET /api/mekanlar/:mekanid Mekan getir:",
              "timedOut": false,
              "duration": 158,
              "state": "passed",
              "speed": "slow",
              "pass": true,
              "fail": false,
              "pending": false,
              "context": null,
              "code": "const response = await request.get(`/api/mekanlar/${process.env.mekanid}`);\nexpect(response.status).to.eql(200);",
              "err": {},
              "uuid": "21f4a476-c673-410a-8456-5874dd548aae",
              "parentUUID": "2f2972d6-aebb-4410-be3d-d9f75fcde60b",
              "isHook": false,
              "skipped": false
            }
          ],
          "suites": [],
          "passes": [
            "21f4a476-c673-410a-8456-5874dd548aae"
          ],
          "failures": [],
          "pending": [],
          "skipped": [],
          "duration": 158,
          "root": false,
          "rootEmpty": false,
          "_timeout": 10000
        },
        {
          "uuid": "f4e57531-9896-4f53-894b-751d950a1025",
          "title": "PUT /api/mekanlar/:mekanid",
          "fullFile": "/Users/sinanyuksel/Desktop/mekanbul-fullstack/test.js",
          "file": "/test.js",
          "beforeHooks": [],
          "afterHooks": [],
          "tests": [
            {
              "title": "Mekan Güncelle:",
              "fullTitle": "PUT /api/mekanlar/:mekanid Mekan Güncelle:",
              "timedOut": false,
              "duration": 321,
              "state": "passed",
              "speed": "slow",
              "pass": true,
              "fail": false,
              "pending": false,
              "context": null,
              "code": "const response = await request\n  .put(`/api/mekanlar/${process.env.mekanid}`)\n  .set(\"Authorization\", \"bearer \" + kullanici.token)\n  .send({\n    ad: \"Starbucks SDÜ\",\n    adres: \"SDÜ Doğu Kampüsü\",\n    puan: 3,\n    imkanlar: \"çay,kahve,pasta,refresher\",\n    enlem: 37.8,\n    boylam: 30.5,\n    gunler1: \"Pazartesi-Cuma\",\n    acilis1: \"9:10\",\n    kapanis1: \"23:10\",\n    kapali1: true,\n    gunler2: \"Cumartesi-Pazar\",\n    acilis2: \"11:10\",\n    kapanis2: \"17:10\",\n    kapali2: true,\n  });\nexpect(response.status).to.eql(200);",
              "err": {},
              "uuid": "127de861-17d4-4d5f-82dd-922b329b1551",
              "parentUUID": "f4e57531-9896-4f53-894b-751d950a1025",
              "isHook": false,
              "skipped": false
            }
          ],
          "suites": [],
          "passes": [
            "127de861-17d4-4d5f-82dd-922b329b1551"
          ],
          "failures": [],
          "pending": [],
          "skipped": [],
          "duration": 321,
          "root": false,
          "rootEmpty": false,
          "_timeout": 10000
        },
        {
          "uuid": "8e8037c8-f5c7-49bd-91a1-23039ff61d5f",
          "title": "POST /api/mekanlar/:mekanid/yorumlar",
          "fullFile": "/Users/sinanyuksel/Desktop/mekanbul-fullstack/test.js",
          "file": "/test.js",
          "beforeHooks": [],
          "afterHooks": [],
          "tests": [
            {
              "title": "Yorum ekle:",
              "fullTitle": "POST /api/mekanlar/:mekanid/yorumlar Yorum ekle:",
              "timedOut": false,
              "duration": 471,
              "state": "passed",
              "speed": "slow",
              "pass": true,
              "fail": false,
              "pending": false,
              "context": null,
              "code": "const response = await request\n  .post(`/api/mekanlar/${process.env.mekanid}/yorumlar`)\n  .set(\"Authorization\", \"bearer \" + kullanici.token)\n  .send({\n    yorumYapan: \"ASY\",\n    puan: 5,\n    yorumMetni: \"Kahveler harika\",\n  });\nprocess.env.yorumid = response.body._id;\nexpect(response.status).to.eql(201);",
              "err": {},
              "uuid": "3ec5d73d-59b5-4ca1-a668-fba701738801",
              "parentUUID": "8e8037c8-f5c7-49bd-91a1-23039ff61d5f",
              "isHook": false,
              "skipped": false
            }
          ],
          "suites": [],
          "passes": [
            "3ec5d73d-59b5-4ca1-a668-fba701738801"
          ],
          "failures": [],
          "pending": [],
          "skipped": [],
          "duration": 471,
          "root": false,
          "rootEmpty": false,
          "_timeout": 10000
        },
        {
          "uuid": "cdfd3bf7-4f49-4d5d-b797-40801e39e3f6",
          "title": "GET /api/mekanlar/:mekanid/yorumlar/:yorumid",
          "fullFile": "/Users/sinanyuksel/Desktop/mekanbul-fullstack/test.js",
          "file": "/test.js",
          "beforeHooks": [],
          "afterHooks": [],
          "tests": [
            {
              "title": "Yorum getir:",
              "fullTitle": "GET /api/mekanlar/:mekanid/yorumlar/:yorumid Yorum getir:",
              "timedOut": false,
              "duration": 171,
              "state": "passed",
              "speed": "slow",
              "pass": true,
              "fail": false,
              "pending": false,
              "context": null,
              "code": "const response = await request.get(\n  `/api/mekanlar/${process.env.mekanid}/yorumlar/${process.env.yorumid}`\n);\nexpect(response.status).to.eql(200);",
              "err": {},
              "uuid": "b0e1374c-f127-40d1-9949-a2a8c5cdb12e",
              "parentUUID": "cdfd3bf7-4f49-4d5d-b797-40801e39e3f6",
              "isHook": false,
              "skipped": false
            }
          ],
          "suites": [],
          "passes": [
            "b0e1374c-f127-40d1-9949-a2a8c5cdb12e"
          ],
          "failures": [],
          "pending": [],
          "skipped": [],
          "duration": 171,
          "root": false,
          "rootEmpty": false,
          "_timeout": 10000
        },
        {
          "uuid": "dbccabdc-12db-4d10-b5b4-f1f9025cf059",
          "title": "PUT /api/mekanlar/:mekanid/yorumlar/:yorumid",
          "fullFile": "/Users/sinanyuksel/Desktop/mekanbul-fullstack/test.js",
          "file": "/test.js",
          "beforeHooks": [],
          "afterHooks": [],
          "tests": [
            {
              "title": "Yorum güncelle:",
              "fullTitle": "PUT /api/mekanlar/:mekanid/yorumlar/:yorumid Yorum güncelle:",
              "timedOut": false,
              "duration": 490,
              "state": "passed",
              "speed": "slow",
              "pass": true,
              "fail": false,
              "pending": false,
              "context": null,
              "code": "const response = await request\n  .put(\n    `/api/mekanlar/${process.env.mekanid}/yorumlar/${process.env.yorumid}`\n  )\n  .set(\"Authorization\", \"bearer \" + kullanici.token)\n  .send({\n    yorumYapan: \"Sinan\",\n    puan: 4,\n    yorumMetni: \"Kahveler harikaaaa\",\n  });\nexpect(response.status).to.eql(200);",
              "err": {},
              "uuid": "4c9ee07b-3152-4420-8426-4321ea055362",
              "parentUUID": "dbccabdc-12db-4d10-b5b4-f1f9025cf059",
              "isHook": false,
              "skipped": false
            }
          ],
          "suites": [],
          "passes": [
            "4c9ee07b-3152-4420-8426-4321ea055362"
          ],
          "failures": [],
          "pending": [],
          "skipped": [],
          "duration": 490,
          "root": false,
          "rootEmpty": false,
          "_timeout": 10000
        },
        {
          "uuid": "2414a6b6-4212-4811-8c0e-504b3dddc58a",
          "title": "DELETE /api/mekanlar/:mekanid/yorumlar/:yorumid",
          "fullFile": "/Users/sinanyuksel/Desktop/mekanbul-fullstack/test.js",
          "file": "/test.js",
          "beforeHooks": [],
          "afterHooks": [],
          "tests": [
            {
              "title": "Yorum sil:",
              "fullTitle": "DELETE /api/mekanlar/:mekanid/yorumlar/:yorumid Yorum sil:",
              "timedOut": false,
              "duration": 328,
              "state": "passed",
              "speed": "slow",
              "pass": true,
              "fail": false,
              "pending": false,
              "context": null,
              "code": "const response = await request\n  .set(\"Authorization\", \"bearer \" + kullanici.token)\n  .delete(\n    `/api/mekanlar/${process.env.mekanid}/yorumlar/${process.env.yorumid}`\n  );\nexpect(response.status).to.eql(200);",
              "err": {},
              "uuid": "78ecb530-ac06-4035-b29c-bc839a4ca59b",
              "parentUUID": "2414a6b6-4212-4811-8c0e-504b3dddc58a",
              "isHook": false,
              "skipped": false
            }
          ],
          "suites": [],
          "passes": [
            "78ecb530-ac06-4035-b29c-bc839a4ca59b"
          ],
          "failures": [],
          "pending": [],
          "skipped": [],
          "duration": 328,
          "root": false,
          "rootEmpty": false,
          "_timeout": 10000
        },
        {
          "uuid": "244db73f-bd51-420b-96fd-55e7284b1cdb",
          "title": "DELETE /api/mekanlar/:mekanid",
          "fullFile": "/Users/sinanyuksel/Desktop/mekanbul-fullstack/test.js",
          "file": "/test.js",
          "beforeHooks": [],
          "afterHooks": [],
          "tests": [
            {
              "title": "Mekan sil:",
              "fullTitle": "DELETE /api/mekanlar/:mekanid Mekan sil:",
              "timedOut": false,
              "duration": 169,
              "state": "passed",
              "speed": "slow",
              "pass": true,
              "fail": false,
              "pending": false,
              "context": null,
              "code": "const response = await request\n  .set(\"Authorization\", \"bearer \" + kullanici.token)\n  .delete(`/api/mekanlar/${process.env.mekanid}`);\nexpect(response.status).to.eql(200);",
              "err": {},
              "uuid": "c31adb32-26bc-494f-adfc-0310a53622eb",
              "parentUUID": "244db73f-bd51-420b-96fd-55e7284b1cdb",
              "isHook": false,
              "skipped": false
            }
          ],
          "suites": [],
          "passes": [
            "c31adb32-26bc-494f-adfc-0310a53622eb"
          ],
          "failures": [],
          "pending": [],
          "skipped": [],
          "duration": 169,
          "root": false,
          "rootEmpty": false,
          "_timeout": 10000
        }
      ],
      "passes": [],
      "failures": [],
      "pending": [],
      "skipped": [],
      "duration": 0,
      "root": true,
      "rootEmpty": true,
      "_timeout": 10000
    }
  ],
  "meta": {
    "mocha": {
      "version": "10.4.0"
    },
    "mochawesome": {
      "options": {
        "quiet": false,
        "reportFilename": "mochawesome",
        "saveHtml": true,
        "saveJson": true,
        "consoleReporter": "spec",
        "useInlineDiffs": false,
        "code": true
      },
      "version": "7.1.3"
    },
    "marge": {
      "options": null,
      "version": "6.2.0"
    }
  }
}